<?xml version="1.0" encoding="UTF-8"?>
<testsuite xmlns:xsi="http://www.w3.org/2001/XMLSchema-instance" xsi:noNamespaceSchemaLocation="https://maven.apache.org/surefire/maven-surefire-plugin/xsd/surefire-test-report-3.0.xsd" version="3.0" name="TestSuite" time="66.995" tests="3" errors="0" skipped="0" failures="0">
  <properties>
[...]
</properties>
  <testcase name="validateErrors" classname="com.jupiter2.cloud.planittesting.testcases.TC1_ContactPageErrorTest" time="1.148">
    <system-err><![CDATA[Starting ChromeDriver 96.0.4664.45 (76e4c1bb2ab4671b8beba3444e61c0f17584b2fc-refs/branch-heads/4664@{#947}) on port 17726
Only local connections are allowed.
Please see https://chromedriver.chromium.org/security-considerations for suggestions on keeping ChromeDriver safe.
ChromeDriver was started successfully.
[1641828997.743][WARNING]: This version of ChromeDriver has not been tested with Chrome version 97.
Jan 10, 2022 9:06:37 PM org.openqa.selenium.remote.ProtocolHandshake createSession
INFO: Detected dialect: W3C
]]></system-err>
  </testcase>
  <testcase name="verifyCartItems[Funny Cow,Fluffy Bunny, 2,1](1)" classname="com.jupiter2.cloud.planittesting.testcases.TC3_CartPageItemsTest" time="7.21">
    <system-out><![CDATA[name:Funny Cow
name:Fluffy Bunny
Funny Cow,Fluffy Bunny
]]></system-out>
    <system-err><![CDATA[Starting ChromeDriver 96.0.4664.45 (76e4c1bb2ab4671b8beba3444e61c0f17584b2fc-refs/branch-heads/4664@{#947}) on port 27572
Only local connections are allowed.
Please see https://chromedriver.chromium.org/security-considerations for suggestions on keeping ChromeDriver safe.
ChromeDriver was started successfully.
[1641829002.560][WARNING]: This version of ChromeDriver has not been tested with Chrome version 97.
Jan 10, 2022 9:06:42 PM org.openqa.selenium.remote.ProtocolHandshake createSession
INFO: Detected dialect: W3C
]]></system-err>
  </testcase>
  <testcase name="verifyPriceAndSubTotal[Stuffed Frog,Fluffy Bunny,Valentine Bear, 2,5,3](1)" classname="com.jupiter2.cloud.planittesting.testcases.TC4_CartPageTest" time="5.871">
    <system-out><![CDATA[name:Stuffed Frog
name:Fluffy Bunny
name:Valentine Bear
Stuffed Frog10.99
subtotal:  Stuffed Frog&21.98
Fluffy Bunny8.99
subtotal:  Fluffy Bunny&44.95
Valentine Bear13.99
subtotal:  Valentine Bear&41.97
sum:108.9
amount on total:108.9
pass
]]></system-out>
    <system-err><![CDATA[Starting ChromeDriver 96.0.4664.45 (76e4c1bb2ab4671b8beba3444e61c0f17584b2fc-refs/branch-heads/4664@{#947}) on port 1131
Only local connections are allowed.
Please see https://chromedriver.chromium.org/security-considerations for suggestions on keeping ChromeDriver safe.
ChromeDriver was started successfully.
[1641829033.423][WARNING]: This version of ChromeDriver has not been tested with Chrome version 97.
Jan 10, 2022 9:07:13 PM org.openqa.selenium.remote.ProtocolHandshake createSession
INFO: Detected dialect: W3C
]]></system-err>
  </testcase>
</testsuite>