<?xml version="1.0" encoding="UTF-8"?>
<!-- Generated by org.testng.reporters.JUnitXMLReporter -->
<testsuite hostname="DESKTOP-6QKID3Q" ignored="1" name="Jupitor2 cloud testing" tests="3" failures="0" timestamp="2022-01-10T21:07:41 IST" time="65.548" errors="0">
  <testcase name="validateErrors" time="1.198" classname="com.jupiter2.cloud.planittesting.testcases.TC1_ContactPageErrorTest"/>
  <testcase name="verifyCartItems" time="7.225" classname="com.jupiter2.cloud.planittesting.testcases.TC3_CartPageItemsTest"/>
  <testcase name="verifyPriceAndSubTotal" time="5.876" classname="com.jupiter2.cloud.planittesting.testcases.TC4_CartPageTest"/>
  <testcase name="VerifySuccessfulSubmission" time="0.0" classname="com.jupiter2.cloud.planittesting.testcases.TC2_ContactPageSubmitTest">
    <ignored/>
  </testcase> <!-- VerifySuccessfulSubmission -->
</testsuite> <!-- Jupitor2 cloud testing -->
